#
# A fatal error has been detected by the Java Runtime Environment:
#
#  EXCEPTION_ACCESS_VIOLATION (0xc0000005) at pc=0x0000000063293dc0, pid=4528, tid=0x00000000000013a0
#
# JRE version: Java(TM) SE Runtime Environment (8.0_131-b11) (build 1.8.0_131-b11)
# Java VM: Java HotSpot(TM) 64-Bit Server VM (25.131-b11 mixed mode windows-amd64 compressed oops)
# Problematic frame:
# V  [jvm.dll+0xc3dc0]
#
# Failed to write core dump. Minidumps are not enabled by default on client versions of Windows
#
# If you would like to submit a bug report, please visit:
#   http://bugreport.java.com/bugreport/crash.jsp
#

---------------  T H R E A D  ---------------

Current thread (0x0000000054c59800):  JavaThread "Finalizer" daemon [_thread_in_vm, id=5024, stack(0x0000000055eb0000,0x0000000055fb0000)]

siginfo: ExceptionCode=0xc0000005, reading address 0x0000000000000408

Registers:
RAX=0x0000000054c5a5a0, RBX=0x0000000014376a90, RCX=0x0000000054c5a5e0, RDX=0x0000000054c5a4d8
RSP=0x0000000055faee40, RBP=0x0000000055faef50, RSI=0x0000000000000400, RDI=0x000000001429ebd8
R8 =0x0000000000000009, R9 =0x0000000054b66b90, R10=0x0000000054378430, R11=0x0000000014376a90
R12=0x0000000054c59800, R13=0x0000000055faeea0, R14=0x0000000001d80c40, R15=0x0000000001d6fd60
RIP=0x0000000063293dc0, EFLAGS=0x0000000000010202

Top of Stack: (sp=0x0000000055faee40)
0x0000000055faee40:   0000000055faef50 0000000000000000
0x0000000055faee50:   0000000054c59800 0000000000000000
0x0000000055faee60:   000000005877b850 0000000000544790
0x0000000055faee70:   0000000001d3c7a0 0000000001d3c7a0
0x0000000055faee80:   0000000000000000 0000000000000000
0x0000000055faee90:   00000000544cc348 000000004f080344
0x0000000055faeea0:   0000000054378430 0000000054c59800
0x0000000055faeeb0:   0000000054378430 0000000054c59800
0x0000000055faeec0:   00000000000000b6 0000000055faf000
0x0000000055faeed0:   000000000000001d 0000000054378430
0x0000000055faeee0:   0000000055faf070 000000000000001d
0x0000000055faeef0:   0000000055faf000 0000000063294467
0x0000000055faef00:   0000000055faf000 0000000054c5a4d8
0x0000000055faef10:   0000000054c59800 0000000054c59800
0x0000000055faef20:   0000000054c59800 00000000637e3988
0x0000000055faef30:   0000000054c59800 0000000063287dc0 

Instructions: (pc=0x0000000063293dc0)
0x0000000063293da0:   49 39 74 24 08 75 63 48 8b 94 24 c8 00 00 00 48
0x0000000063293db0:   85 d2 74 25 80 3d f6 95 74 00 00 48 8b 32 74 15
0x0000000063293dc0:   8b 76 08 8b 0d df c9 6d 00 48 d3 e6 48 03 35 cd
0x0000000063293dd0:   c9 6d 00 eb 04 48 8b 76 08 48 8b 8c 24 c0 00 00 


Register to memory mapping:

RAX=0x0000000054c5a5a0 is an unknown value
RBX=0x0000000014376a90 is pointing into metadata
RCX=0x0000000054c5a5e0 is an unknown value
RDX=0x0000000054c5a4d8 is an unknown value
RSP=0x0000000055faee40 is pointing into the stack for thread: 0x0000000054c59800
RBP=0x0000000055faef50 is pointing into the stack for thread: 0x0000000054c59800
RSI=0x0000000000000400 is an unknown value
RDI=0x000000001429ebd8 is pointing into metadata
R8 =0x0000000000000009 is an unknown value
R9 =0x0000000054b66b90 is an unknown value
R10=0x0000000054378430 is pointing into metadata
R11=0x0000000014376a90 is pointing into metadata
R12=0x0000000054c59800 is a thread
R13=0x0000000055faeea0 is pointing into the stack for thread: 0x0000000054c59800
R14=0x0000000001d80c40 is an unknown value
R15=0x0000000001d6fd60 is an unknown value


Stack: [0x0000000055eb0000,0x0000000055fb0000],  sp=0x0000000055faee40,  free space=1019k
Native frames: (J=compiled Java code, j=interpreted, Vv=VM code, C=native code)
V  [jvm.dll+0xc3dc0]
V  [jvm.dll+0xc4467]
V  [jvm.dll+0xbc723]
C  0x00000000023e188c

Java frames: (J=compiled Java code, j=interpreted, Vv=VM code)
j  java.io.FileInputStream.close()V+43
j  java.io.FileInputStream.finalize()V+18
J 1507% C2 java.lang.ref.Finalizer$FinalizerThread.run()V (55 bytes) @ 0x0000000002681f14 [0x0000000002681c60+0x2b4]
v  ~StubRoutines::call_stub

---------------  P R O C E S S  ---------------

Java Threads: ( => current thread )
  0x0000000058777000 JavaThread "LWJGL Timer" daemon [_thread_blocked, id=4464, stack(0x000000005d2f0000,0x000000005d3f0000)]
  0x0000000058919000 JavaThread "Java2D Disposer" daemon [_thread_blocked, id=1152, stack(0x00000000608b0000,0x00000000609b0000)]
  0x00000000584da000 JavaThread "Thread-2" daemon [_thread_in_native, id=4508, stack(0x000000005bd80000,0x000000005be80000)]
  0x000000005632c800 JavaThread "Service Thread" daemon [_thread_blocked, id=4952, stack(0x0000000056b40000,0x0000000056c40000)]
  0x00000000562a6000 JavaThread "C1 CompilerThread2" daemon [_thread_blocked, id=4468, stack(0x00000000569a0000,0x0000000056aa0000)]
  0x00000000562a3000 JavaThread "C2 CompilerThread1" daemon [_thread_blocked, id=4948, stack(0x0000000056780000,0x0000000056880000)]
  0x0000000054c76000 JavaThread "C2 CompilerThread0" daemon [_thread_blocked, id=3312, stack(0x00000000561a0000,0x00000000562a0000)]
  0x0000000054c74800 JavaThread "Attach Listener" daemon [_thread_blocked, id=2848, stack(0x0000000055af0000,0x0000000055bf0000)]
  0x0000000054c71000 JavaThread "Signal Dispatcher" daemon [_thread_blocked, id=4628, stack(0x0000000056000000,0x0000000056100000)]
=>0x0000000054c59800 JavaThread "Finalizer" daemon [_thread_in_vm, id=5024, stack(0x0000000055eb0000,0x0000000055fb0000)]
  0x0000000054c12800 JavaThread "Reference Handler" daemon [_thread_blocked, id=3040, stack(0x0000000055d80000,0x0000000055e80000)]
  0x000000000054e800 JavaThread "main" [_thread_in_native, id=4412, stack(0x0000000001ff0000,0x00000000020f0000)]

Other Threads:
  0x0000000054c0b000 VMThread [stack: 0x0000000055c00000,0x0000000055d00000] [id=4624]
  0x0000000056332800 WatcherThread [stack: 0x0000000056c50000,0x0000000056d50000] [id=4336]

VM state:not at safepoint (normal execution)

VM Mutex/Monitor currently owned by a thread: None

Heap:
 PSYoungGen      total 61952K, used 8345K [0x00000000ebb80000, 0x00000000efa80000, 0x0000000100000000)
  eden space 60928K, 12% used [0x00000000ebb80000,0x00000000ec2a6750,0x00000000ef700000)
  from space 1024K, 100% used [0x00000000ef900000,0x00000000efa00000,0x00000000efa00000)
  to   space 512K, 0% used [0x00000000efa00000,0x00000000efa00000,0x00000000efa80000)
 ParOldGen       total 20992K, used 7320K [0x00000000c3200000, 0x00000000c4680000, 0x00000000ebb80000)
  object space 20992K, 34% used [0x00000000c3200000,0x00000000c3926188,0x00000000c4680000)
 Metaspace       used 10611K, capacity 10711K, committed 10880K, reserved 1058816K
  class space    used 1107K, capacity 1148K, committed 1152K, reserved 1048576K

Card table byte_map: [0x0000000011780000,0x0000000011970000] byte_map_base: 0x0000000011167000

Marking Bits: (ParMarkBitMap*) 0x00000000639ec720
 Begin Bits: [0x0000000012220000, 0x0000000013158000)
 End Bits:   [0x0000000013158000, 0x0000000014090000)

Polling page: 0x0000000000300000

CodeCache: size=245760Kb used=5449Kb max_used=5912Kb free=240310Kb
 bounds [0x00000000023c0000, 0x00000000029d0000, 0x00000000113c0000]
 total_blobs=1872 nmethods=1327 adapters=459
 compilation: enabled

Compilation events (10 events):
Event: 209.031 Thread 0x00000000562a3000 1515 % !   4       org.newdawn.slick.AppGameContainer::start @ 9 (49 bytes)
Event: 209.046 Thread 0x00000000562a3000 nmethod 1515% 0x0000000002764b90 code [0x0000000002764da0, 0x0000000002765820]
Event: 215.147 Thread 0x00000000562a6000 1516       3       java.nio.Buffer::clear (20 bytes)
Event: 215.147 Thread 0x00000000562a6000 nmethod 1516 0x0000000002502450 code [0x00000000025025a0, 0x0000000002502710]
Event: 219.827 Thread 0x00000000562a6000 1517       3       java.util.Random::next (47 bytes)
Event: 219.828 Thread 0x00000000562a6000 nmethod 1517 0x0000000002774f10 code [0x0000000002775080, 0x0000000002775490]
Event: 368.087 Thread 0x00000000562a6000 1518       3       java.lang.Math::random (7 bytes)
Event: 368.088 Thread 0x00000000562a6000 nmethod 1518 0x0000000002560350 code [0x00000000025604e0, 0x0000000002560898]
Event: 368.088 Thread 0x00000000562a6000 1519       3       java.util.Random::nextDouble (24 bytes)
Event: 368.088 Thread 0x00000000562a6000 nmethod 1519 0x00000000025f7dd0 code [0x00000000025f7f60, 0x00000000025f8278]

GC Heap History (10 events):
Event: 527.057 GC heap before
{Heap before GC invocations=726 (full 1):
 PSYoungGen      total 44032K, used 44032K [0x00000000ebb80000, 0x00000000eea80000, 0x0000000100000000)
  eden space 43520K, 100% used [0x00000000ebb80000,0x00000000ee600000,0x00000000ee600000)
  from space 512K, 100% used [0x00000000ee700000,0x00000000ee780000,0x00000000ee780000)
  to   space 1024K, 0% used [0x00000000ee600000,0x00000000ee600000,0x00000000ee700000)
 ParOldGen       total 20992K, used 7232K [0x00000000c3200000, 0x00000000c4680000, 0x00000000ebb80000)
  object space 20992K, 34% used [0x00000000c3200000,0x00000000c3910188,0x00000000c4680000)
 Metaspace       used 10611K, capacity 10711K, committed 10880K, reserved 1058816K
  class space    used 1107K, capacity 1148K, committed 1152K, reserved 1048576K
Event: 527.061 GC heap after
Heap after GC invocations=726 (full 1):
 PSYoungGen      total 44544K, used 736K [0x00000000ebb80000, 0x00000000ef080000, 0x0000000100000000)
  eden space 43520K, 0% used [0x00000000ebb80000,0x00000000ebb80000,0x00000000ee600000)
  from space 1024K, 71% used [0x00000000ee600000,0x00000000ee6b8000,0x00000000ee700000)
  to   space 1024K, 0% used [0x00000000eef80000,0x00000000eef80000,0x00000000ef080000)
 ParOldGen       total 20992K, used 7248K [0x00000000c3200000, 0x00000000c4680000, 0x00000000ebb80000)
  object space 20992K, 34% used [0x00000000c3200000,0x00000000c3914188,0x00000000c4680000)
 Metaspace       used 10611K, capacity 10711K, committed 10880K, reserved 1058816K
  class space    used 1107K, capacity 1148K, committed 1152K, reserved 1048576K
}
Event: 528.052 GC heap before
{Heap before GC invocations=727 (full 1):
 PSYoungGen      total 44544K, used 44256K [0x00000000ebb80000, 0x00000000ef080000, 0x0000000100000000)
  eden space 43520K, 100% used [0x00000000ebb80000,0x00000000ee600000,0x00000000ee600000)
  from space 1024K, 71% used [0x00000000ee600000,0x00000000ee6b8000,0x00000000ee700000)
  to   space 1024K, 0% used [0x00000000eef80000,0x00000000eef80000,0x00000000ef080000)
 ParOldGen       total 20992K, used 7248K [0x00000000c3200000, 0x00000000c4680000, 0x00000000ebb80000)
  object space 20992K, 34% used [0x00000000c3200000,0x00000000c3914188,0x00000000c4680000)
 Metaspace       used 10611K, capacity 10711K, committed 10880K, reserved 1058816K
  class space    used 1107K, capacity 1148K, committed 1152K, reserved 1048576K
Event: 528.056 GC heap after
Heap after GC invocations=727 (full 1):
 PSYoungGen      total 53248K, used 704K [0x00000000ebb80000, 0x00000000ef080000, 0x0000000100000000)
  eden space 52224K, 0% used [0x00000000ebb80000,0x00000000ebb80000,0x00000000eee80000)
  from space 1024K, 68% used [0x00000000eef80000,0x00000000ef030000,0x00000000ef080000)
  to   space 1024K, 0% used [0x00000000eee80000,0x00000000eee80000,0x00000000eef80000)
 ParOldGen       total 20992K, used 7264K [0x00000000c3200000, 0x00000000c4680000, 0x00000000ebb80000)
  object space 20992K, 34% used [0x00000000c3200000,0x00000000c3918188,0x00000000c4680000)
 Metaspace       used 10611K, capacity 10711K, committed 10880K, reserved 1058816K
  class space    used 1107K, capacity 1148K, committed 1152K, reserved 1048576K
}
Event: 529.190 GC heap before
{Heap before GC invocations=728 (full 1):
 PSYoungGen      total 53248K, used 52928K [0x00000000ebb80000, 0x00000000ef080000, 0x0000000100000000)
  eden space 52224K, 100% used [0x00000000ebb80000,0x00000000eee80000,0x00000000eee80000)
  from space 1024K, 68% used [0x00000000eef80000,0x00000000ef030000,0x00000000ef080000)
  to   space 1024K, 0% used [0x00000000eee80000,0x00000000eee80000,0x00000000eef80000)
 ParOldGen       total 20992K, used 7264K [0x00000000c3200000, 0x00000000c4680000, 0x00000000ebb80000)
  object space 20992K, 34% used [0x00000000c3200000,0x00000000c3918188,0x00000000c4680000)
 Metaspace       used 10611K, capacity 10711K, committed 10880K, reserved 1058816K
  class space    used 1107K, capacity 1148K, committed 1152K, reserved 1048576K
Event: 529.217 GC heap after
Heap after GC invocations=728 (full 1):
 PSYoungGen      total 53248K, used 896K [0x00000000ebb80000, 0x00000000efb00000, 0x0000000100000000)
  eden space 52224K, 0% used [0x00000000ebb80000,0x00000000ebb80000,0x00000000eee80000)
  from space 1024K, 87% used [0x00000000eee80000,0x00000000eef60000,0x00000000eef80000)
  to   space 1024K, 0% used [0x00000000efa00000,0x00000000efa00000,0x00000000efb00000)
 ParOldGen       total 20992K, used 7288K [0x00000000c3200000, 0x00000000c4680000, 0x00000000ebb80000)
  object space 20992K, 34% used [0x00000000c3200000,0x00000000c391e188,0x00000000c4680000)
 Metaspace       used 10611K, capacity 10711K, committed 10880K, reserved 1058816K
  class space    used 1107K, capacity 1148K, committed 1152K, reserved 1048576K
}
Event: 530.336 GC heap before
{Heap before GC invocations=729 (full 1):
 PSYoungGen      total 53248K, used 53120K [0x00000000ebb80000, 0x00000000efb00000, 0x0000000100000000)
  eden space 52224K, 100% used [0x00000000ebb80000,0x00000000eee80000,0x00000000eee80000)
  from space 1024K, 87% used [0x00000000eee80000,0x00000000eef60000,0x00000000eef80000)
  to   space 1024K, 0% used [0x00000000efa00000,0x00000000efa00000,0x00000000efb00000)
 ParOldGen       total 20992K, used 7288K [0x00000000c3200000, 0x00000000c4680000, 0x00000000ebb80000)
  object space 20992K, 34% used [0x00000000c3200000,0x00000000c391e188,0x00000000c4680000)
 Metaspace       used 10611K, capacity 10711K, committed 10880K, reserved 1058816K
  class space    used 1107K, capacity 1148K, committed 1152K, reserved 1048576K
Event: 530.342 GC heap after
Heap after GC invocations=729 (full 1):
 PSYoungGen      total 64000K, used 864K [0x00000000ebb80000, 0x00000000efb00000, 0x0000000100000000)
  eden space 62976K, 0% used [0x00000000ebb80000,0x00000000ebb80000,0x00000000ef900000)
  from space 1024K, 84% used [0x00000000efa00000,0x00000000efad8000,0x00000000efb00000)
  to   space 1024K, 0% used [0x00000000ef900000,0x00000000ef900000,0x00000000efa00000)
 ParOldGen       total 20992K, used 7296K [0x00000000c3200000, 0x00000000c4680000, 0x00000000ebb80000)
  object space 20992K, 34% used [0x00000000c3200000,0x00000000c3920188,0x00000000c4680000)
 Metaspace       used 10611K, capacity 10711K, committed 10880K, reserved 1058816K
  class space    used 1107K, capacity 1148K, committed 1152K, reserved 1048576K
}
Event: 533.009 GC heap before
{Heap before GC invocations=730 (full 1):
 PSYoungGen      total 64000K, used 63840K [0x00000000ebb80000, 0x00000000efb00000, 0x0000000100000000)
  eden space 62976K, 100% used [0x00000000ebb80000,0x00000000ef900000,0x00000000ef900000)
  from space 1024K, 84% used [0x00000000efa00000,0x00000000efad8000,0x00000000efb00000)
  to   space 1024K, 0% used [0x00000000ef900000,0x00000000ef900000,0x00000000efa00000)
 ParOldGen       total 20992K, used 7296K [0x00000000c3200000, 0x00000000c4680000, 0x00000000ebb80000)
  object space 20992K, 34% used [0x00000000c3200000,0x00000000c3920188,0x00000000c4680000)
 Metaspace       used 10611K, capacity 10711K, committed 10880K, reserved 1058816K
  class space    used 1107K, capacity 1148K, committed 1152K, reserved 1048576K
Event: 533.016 GC heap after
Heap after GC invocations=730 (full 1):
 PSYoungGen      total 61952K, used 1024K [0x00000000ebb80000, 0x00000000efa80000, 0x0000000100000000)
  eden space 60928K, 0% used [0x00000000ebb80000,0x00000000ebb80000,0x00000000ef700000)
  from space 1024K, 100% used [0x00000000ef900000,0x00000000efa00000,0x00000000efa00000)
  to   space 512K, 0% used [0x00000000efa00000,0x00000000efa00000,0x00000000efa80000)
 ParOldGen       total 20992K, used 7320K [0x00000000c3200000, 0x00000000c4680000, 0x00000000ebb80000)
  object space 20992K, 34% used [0x00000000c3200000,0x00000000c3926188,0x00000000c4680000)
 Metaspace       used 10611K, capacity 10711K, committed 10880K, reserved 1058816K
  class space    used 1107K, capacity 1148K, committed 1152K, reserved 1048576K
}

Deoptimization events (10 events):
Event: 14.861 Thread 0x000000000054e800 Uncommon trap: reason=unstable_if action=reinterpret pc=0x000000000290ddb8 method=org.newdawn.slick.opengl.TextureImpl.bind()V @ 4
Event: 14.864 Thread 0x000000000054e800 Uncommon trap: reason=unstable_if action=reinterpret pc=0x000000000290fb98 method=org.newdawn.slick.opengl.TextureImpl.bind()V @ 4
Event: 23.935 Thread 0x000000000054e800 Uncommon trap: reason=unstable_if action=reinterpret pc=0x000000000294694c method=GUI.Play.update(Lorg/newdawn/slick/GameContainer;Lorg/newdawn/slick/state/StateBasedGame;I)V @ 416
Event: 26.530 Thread 0x000000000054e800 Uncommon trap: reason=unstable_if action=reinterpret pc=0x000000000292edc8 method=Event.PlayControl.fall()V @ 43
Event: 32.741 Thread 0x000000000054e800 Uncommon trap: reason=unstable_if action=reinterpret pc=0x00000000029156b8 method=org.newdawn.slick.Input.poll(II)V @ 441
Event: 32.961 Thread 0x000000000054e800 Uncommon trap: reason=unstable_if action=reinterpret pc=0x0000000002978fcc method=org.lwjgl.opengl.WindowsDisplay.update()V @ 7
Event: 32.962 Thread 0x000000000054e800 Uncommon trap: reason=unstable_if action=reinterpret pc=0x000000000265b74c method=org.newdawn.slick.GameContainer.updateAndRender(I)V @ 236
Event: 32.966 Thread 0x000000000054e800 Uncommon trap: reason=unstable_if action=reinterpret pc=0x0000000002970dc4 method=org.lwjgl.opengl.WindowsDisplay.update()V @ 7
Event: 39.647 Thread 0x000000000054e800 Uncommon trap: reason=unstable_if action=reinterpret pc=0x000000000299bb74 method=Event.PlayControl.zomWalk()V @ 64
Event: 533.039 Thread 0x0000000054c59800 Uncommon trap: reason=unstable_if action=reinterpret pc=0x0000000002766d4c method=java.io.FileInputStream.close()V @ 36

Internal exceptions (10 events):
Event: 0.822 Thread 0x000000000054e800 Exception <a 'org/lwjgl/LWJGLException'> (0x00000000ec4871a0) thrown at [C:\re\workspace\8-2-build-windows-amd64-cygwin\jdk8u131\8869\hotspot\src\share\vm\prims\jni.cpp, line 709]
Event: 0.822 Thread 0x000000000054e800 Exception <a 'org/lwjgl/LWJGLException'> (0x00000000ec487778) thrown at [C:\re\workspace\8-2-build-windows-amd64-cygwin\jdk8u131\8869\hotspot\src\share\vm\prims\jni.cpp, line 709]
Event: 0.822 Thread 0x000000000054e800 Exception <a 'org/lwjgl/LWJGLException'> (0x00000000ec487d60) thrown at [C:\re\workspace\8-2-build-windows-amd64-cygwin\jdk8u131\8869\hotspot\src\share\vm\prims\jni.cpp, line 709]
Event: 0.822 Thread 0x000000000054e800 Exception <a 'org/lwjgl/LWJGLException'> (0x00000000ec488390) thrown at [C:\re\workspace\8-2-build-windows-amd64-cygwin\jdk8u131\8869\hotspot\src\share\vm\prims\jni.cpp, line 709]
Event: 2.950 Thread 0x000000000054e800 Exception <a 'java/io/FileNotFoundException'> (0x00000000ec7bc498) thrown at [C:\re\workspace\8-2-build-windows-amd64-cygwin\jdk8u131\8869\hotspot\src\share\vm\prims\jni.cpp, line 709]
Event: 3.004 Thread 0x000000000054e800 Exception <a 'java/lang/NoSuchFieldError': method resolution failed> (0x00000000ec889668) thrown at [C:\re\workspace\8-2-build-windows-amd64-cygwin\jdk8u131\8869\hotspot\src\share\vm\prims\methodHandles.cpp, line 1146]
Event: 3.007 Thread 0x000000000054e800 Exception <a 'java/lang/NoSuchFieldError': method resolution failed> (0x00000000ec896d28) thrown at [C:\re\workspace\8-2-build-windows-amd64-cygwin\jdk8u131\8869\hotspot\src\share\vm\prims\methodHandles.cpp, line 1146]
Event: 3.194 Thread 0x000000000054e800 Exception <a 'java/io/FileNotFoundException'> (0x00000000ec9b98d0) thrown at [C:\re\workspace\8-2-build-windows-amd64-cygwin\jdk8u131\8869\hotspot\src\share\vm\prims\jni.cpp, line 709]
Event: 3.233 Thread 0x000000000054e800 Implicit null exception at 0x000000000277df73 to 0x000000000277e16d
Event: 3.251 Thread 0x000000000054e800 Implicit null exception at 0x000000000279c3f5 to 0x000000000279c925

Events (10 events):
Event: 528.056 Executing VM operation: ParallelGCFailedAllocation done
Event: 529.190 Executing VM operation: ParallelGCFailedAllocation
Event: 529.217 Executing VM operation: ParallelGCFailedAllocation done
Event: 530.336 Executing VM operation: ParallelGCFailedAllocation
Event: 530.342 Executing VM operation: ParallelGCFailedAllocation done
Event: 533.009 Executing VM operation: ParallelGCFailedAllocation
Event: 533.016 Executing VM operation: ParallelGCFailedAllocation done
Event: 533.039 Thread 0x0000000054c59800 Uncommon trap: trap_request=0xffffff65 fr.pc=0x0000000002766d4c
Event: 533.039 Thread 0x0000000054c59800 DEOPT PACKING pc=0x0000000002766d4c sp=0x0000000055faf1c0
Event: 533.039 Thread 0x0000000054c59800 DEOPT UNPACKING pc=0x000000000240582a sp=0x0000000055faf138 mode 2


Dynamic libraries:
0x000000013fab0000 - 0x000000013fae7000 	C:\Program Files\Java\jre1.8.0_131\bin\javaw.exe
0x0000000076fe0000 - 0x000000007718a000 	C:\Windows\SYSTEM32\ntdll.dll
0x0000000076ec0000 - 0x0000000076fdf000 	C:\Windows\system32\kernel32.dll
0x000007fefcfe0000 - 0x000007fefd04a000 	C:\Windows\system32\KERNELBASE.dll
0x000007fefd3e0000 - 0x000007fefd4bb000 	C:\Windows\system32\ADVAPI32.dll
0x000007fefdc50000 - 0x000007fefdcef000 	C:\Windows\system32\msvcrt.dll
0x000007feff230000 - 0x000007feff24f000 	C:\Windows\SYSTEM32\sechost.dll
0x000007fefdd70000 - 0x000007fefde9d000 	C:\Windows\system32\RPCRT4.dll
0x0000000076dc0000 - 0x0000000076eba000 	C:\Windows\system32\USER32.dll
0x000007fefda10000 - 0x000007fefda77000 	C:\Windows\system32\GDI32.dll
0x000007fefda00000 - 0x000007fefda0e000 	C:\Windows\system32\LPK.dll
0x000007fefd5f0000 - 0x000007fefd6ba000 	C:\Windows\system32\USP10.dll
0x000007fefb9c0000 - 0x000007fefbbb4000 	C:\Windows\WinSxS\amd64_microsoft.windows.common-controls_6595b64144ccf1df_6.0.7601.17514_none_fa396087175ac9ac\COMCTL32.dll
0x000007fefd720000 - 0x000007fefd791000 	C:\Windows\system32\SHLWAPI.dll
0x000007fefe450000 - 0x000007fefe47e000 	C:\Windows\system32\IMM32.DLL
0x000007fefdea0000 - 0x000007fefdfa9000 	C:\Windows\system32\MSCTF.dll
0x0000000069ac0000 - 0x0000000069b92000 	C:\Program Files\Java\jre1.8.0_131\bin\msvcr100.dll
0x00000000631d0000 - 0x0000000063a6c000 	C:\Program Files\Java\jre1.8.0_131\bin\server\jvm.dll
0x000007feec670000 - 0x000007feec679000 	C:\Windows\system32\WSOCK32.dll
0x000007fefdc00000 - 0x000007fefdc4d000 	C:\Windows\system32\WS2_32.dll
0x000007fefe3a0000 - 0x000007fefe3a8000 	C:\Windows\system32\NSI.dll
0x000007fefaaf0000 - 0x000007fefab2b000 	C:\Windows\system32\WINMM.dll
0x000007fefc090000 - 0x000007fefc09c000 	C:\Windows\system32\VERSION.dll
0x00000000771b0000 - 0x00000000771b7000 	C:\Windows\system32\PSAPI.DLL
0x0000000073d30000 - 0x0000000073d3f000 	C:\Program Files\Java\jre1.8.0_131\bin\verify.dll
0x0000000073d00000 - 0x0000000073d29000 	C:\Program Files\Java\jre1.8.0_131\bin\java.dll
0x0000000073ce0000 - 0x0000000073cf6000 	C:\Program Files\Java\jre1.8.0_131\bin\zip.dll
0x000007fefe480000 - 0x000007feff20d000 	C:\Windows\system32\SHELL32.dll
0x000007fefe190000 - 0x000007fefe393000 	C:\Windows\system32\ole32.dll
0x000007fefcf30000 - 0x000007fefcf3f000 	C:\Windows\system32\profapi.dll
0x0000000180000000 - 0x0000000180053000 	C:\Users\Administrator\Documents\GitHub\Plant-Zombie\lwjgl64.dll
0x000007fee12d0000 - 0x000007fee13ed000 	C:\Windows\system32\OPENGL32.dll
0x000007feefdd0000 - 0x000007feefdfd000 	C:\Windows\system32\GLU32.dll
0x000007fee11d0000 - 0x000007fee12c1000 	C:\Windows\system32\DDRAW.dll
0x000007fefb370000 - 0x000007fefb378000 	C:\Windows\system32\DCIMAN32.dll
0x000007fefdfb0000 - 0x000007fefe187000 	C:\Windows\system32\SETUPAPI.dll
0x000007fefd130000 - 0x000007fefd166000 	C:\Windows\system32\CFGMGR32.dll
0x000007fefd300000 - 0x000007fefd3d7000 	C:\Windows\system32\OLEAUT32.dll
0x000007fefd170000 - 0x000007fefd18a000 	C:\Windows\system32\DEVOBJ.dll
0x000007fefb990000 - 0x000007fefb9a8000 	C:\Windows\system32\dwmapi.dll
0x000007fefb910000 - 0x000007fefb966000 	C:\Windows\system32\uxtheme.dll
0x0000000056f40000 - 0x0000000058132000 	C:\Windows\system32\ig4icd64.dll
0x000007fefce60000 - 0x000007fefce6f000 	C:\Windows\system32\CRYPTBASE.dll
0x000007fee9cd0000 - 0x000007fee9d6c000 	C:\Windows\system32\mscms.dll
0x000007fefc270000 - 0x000007fefc28e000 	C:\Windows\system32\USERENV.dll
0x000007fefa980000 - 0x000007fefa9c2000 	C:\Windows\system32\icm32.dll
0x0000000068c90000 - 0x0000000068e28000 	C:\Program Files\Java\jre1.8.0_131\bin\awt.dll
0x0000000000570000 - 0x0000000000586000 	C:\Users\Administrator\Documents\GitHub\Plant-Zombie\jinput-dx8_64.dll
0x000007feefd90000 - 0x000007feefdcc000 	C:\Windows\system32\DINPUT8.dll
0x000007fefb9b0000 - 0x000007fefb9bb000 	C:\Windows\system32\HID.DLL
0x000007fefd050000 - 0x000007fefd08a000 	C:\Windows\system32\WINTRUST.dll
0x000007fefd190000 - 0x000007fefd2f7000 	C:\Windows\system32\CRYPT32.dll
0x000007fefcfd0000 - 0x000007fefcfdf000 	C:\Windows\system32\MSASN1.dll
0x0000000000590000 - 0x00000000005a4000 	C:\Users\Administrator\Documents\GitHub\Plant-Zombie\jinput-raw_64.dll
0x0000000011ac0000 - 0x0000000011b24000 	C:\Users\Administrator\Documents\GitHub\Plant-Zombie\OpenAL64.dll
0x000007feff250000 - 0x000007feff2e9000 	C:\Windows\system32\CLBCatQ.DLL
0x000007fefbf10000 - 0x000007fefbf5b000 	C:\Windows\System32\MMDevApi.dll
0x000007fefbcd0000 - 0x000007fefbdfc000 	C:\Windows\System32\PROPSYS.dll
0x000007fee1140000 - 0x000007fee11c8000 	C:\Windows\system32\dsound.dll
0x000007fefbe10000 - 0x000007fefbe3c000 	C:\Windows\system32\POWRPROF.dll
0x000007fefaa60000 - 0x000007fefaaaf000 	C:\Windows\system32\AUDIOSES.DLL
0x000007fefc7b0000 - 0x000007fefc7c7000 	C:\Windows\system32\CRYPTSP.dll
0x000007fefc4c0000 - 0x000007fefc507000 	C:\Windows\system32\rsaenh.dll
0x0000000073cc0000 - 0x0000000073cda000 	C:\Program Files\Java\jre1.8.0_131\bin\net.dll
0x000007fefc750000 - 0x000007fefc7a5000 	C:\Windows\system32\mswsock.dll
0x000007fefcaf0000 - 0x000007fefcaf7000 	C:\Windows\System32\wship6.dll
0x000007fefa490000 - 0x000007fefa4b7000 	C:\Windows\system32\IPHLPAPI.DLL
0x000007fefa550000 - 0x000007fefa55b000 	C:\Windows\system32\WINNSI.DLL
0x000007fefa360000 - 0x000007fefa378000 	C:\Windows\system32\dhcpcsvc.DLL
0x000007fefa340000 - 0x000007fefa351000 	C:\Windows\system32\dhcpcsvc6.DLL
0x0000000073ca0000 - 0x0000000073cb1000 	C:\Program Files\Java\jre1.8.0_131\bin\nio.dll
0x000007fefb240000 - 0x000007fefb365000 	C:\Windows\system32\dbghelp.dll

VM Arguments:
jvm_args: -Dfile.encoding=Cp1252 
java_command: GUI.Main
java_class_path (initial): C:\Program Files\Java\jre1.8.0_131\lib\resources.jar;C:\Program Files\Java\jre1.8.0_131\lib\rt.jar;C:\Program Files\Java\jre1.8.0_131\lib\jsse.jar;C:\Program Files\Java\jre1.8.0_131\lib\jce.jar;C:\Program Files\Java\jre1.8.0_131\lib\charsets.jar;C:\Program Files\Java\jre1.8.0_131\lib\jfr.jar;C:\Program Files\Java\jre1.8.0_131\lib\ext\access-bridge-64.jar;C:\Program Files\Java\jre1.8.0_131\lib\ext\cldrdata.jar;C:\Program Files\Java\jre1.8.0_131\lib\ext\dnsns.jar;C:\Program Files\Java\jre1.8.0_131\lib\ext\jaccess.jar;C:\Program Files\Java\jre1.8.0_131\lib\ext\jfxrt.jar;C:\Program Files\Java\jre1.8.0_131\lib\ext\localedata.jar;C:\Program Files\Java\jre1.8.0_131\lib\ext\nashorn.jar;C:\Program Files\Java\jre1.8.0_131\lib\ext\sunec.jar;C:\Program Files\Java\jre1.8.0_131\lib\ext\sunjce_provider.jar;C:\Program Files\Java\jre1.8.0_131\lib\ext\sunmscapi.jar;C:\Program Files\Java\jre1.8.0_131\lib\ext\sunpkcs11.jar;C:\Program Files\Java\jre1.8.0_131\lib\ext\zipfs.jar;C:\Users\Administrator\Documents\GitHub\Plant-Zombie\bin;C:\Users\Administrator\Documents\GitHub\Plant-Zombie\lib\jars\jinput.jar;C:\Users\Administrator\Documents\GitHub\Plant-Zombie\lib\jars\lwjgl_util.jar;C:\Users\Administrator\Documents\GitHub\Plant-Zombie\lib\jars\lwjgl.jar;C:\Users\Administrator\Documents\GitHub\Plant-Zombie\lib\jars\slick.jar;C:\Users\Administrator\Documents\GitHub\Plant-Zombie\lib\jars\jorbis-0.0.15.jar;C:\Users\Administrator\Documents\GitHub\Plant-Zombie\lib\jars\jogg-0.0.7.jar;C:\Users\Administrator\Documents\GitHub\Plant-Zombie\lib\jars\ini4j-0.5.4-jdk14.jar;C:\Users\Administrator\Documents\GitHub\Plant-Zombie\lib\jars\ini4j-0.5.4.jar
Launcher Type: SUN_STANDARD

Environment Variables:
PATH=C:/Program Files/Java/jre1.8.0_131/bin/server;C:/Program Files/Java/jre1.8.0_131/bin;C:/Program Files/Java/jre1.8.0_131/lib/amd64;C:\Program Files (x86)\Common Files\Intel\Shared Files\cpp\bin\Intel64;C:\ProgramData\Oracle\Java\javapath;C:\Windows\system32;C:\Windows;C:\Windows\System32\Wbem;C:\Windows\System32\WindowsPowerShell\v1.0\;C:\Program Files (x86)\NoteBook FanControl\;C:\Users\Administrator\AppData\Local\GitHubDesktop\bin;C:\Users\Administrator\Desktop;
USERNAME=Administrator
OS=Windows_NT
PROCESSOR_IDENTIFIER=Intel64 Family 6 Model 37 Stepping 5, GenuineIntel



---------------  S Y S T E M  ---------------

OS: Windows 7 , 64 bit Build 7601 (6.1.7601.23677)

CPU:total 4 (initial active 4) (2 cores per cpu, 2 threads per core) family 6 model 37 stepping 5, cmov, cx8, fxsr, mmx, sse, sse2, sse3, ssse3, sse4.1, sse4.2, popcnt, ht, tsc, tscinvbit

Memory: 4k page, physical 3987312k(441284k free), swap 7972764k(1309700k free)

vm_info: Java HotSpot(TM) 64-Bit Server VM (25.131-b11) for windows-amd64 JRE (1.8.0_131-b11), built on Mar 15 2017 01:23:53 by "java_re" with MS VC++ 10.0 (VS2010)

time: Mon Nov 27 02:52:38 2017
elapsed time: 533 seconds (0d 0h 8m 53s)

